{
  "RSpec": {
    "coverage": {
      "/Users/adam/Documents/workspace/harmanpro/app/helpers/application_helper.rb": [
        1,
        null
      ],
      "/Users/adam/Documents/workspace/harmanpro/app/controllers/examples_controller.rb": [
        1,
        1,
        null,
        1,
        3,
        null,
        null,
        1,
        null,
        1,
        3,
        null,
        null
      ],
      "/Users/adam/Documents/workspace/harmanpro/app/controllers/application_controller.rb": [
        1,
        null,
        null,
        1,
        null
      ],
      "/Users/adam/Documents/workspace/harmanpro/app/controllers/main_controller.rb": [
        1,
        1,
        2,
        null,
        null
      ],
      "/Users/adam/Documents/workspace/harmanpro/app/controllers/vertical_markets_controller.rb": [
        1,
        null,
        1,
        2,
        null,
        null
      ],
      "/Users/adam/Documents/workspace/harmanpro/app/models/example.rb": [
        1,
        1,
        null,
        1,
        1,
        null,
        1,
        null,
        1,
        17,
        null,
        null,
        1,
        18,
        null,
        null
      ],
      "/Users/adam/Documents/workspace/harmanpro/app/models/vertical_market.rb": [
        1,
        3,
        1,
        1,
        null,
        1,
        3,
        null,
        null
      ]
    },
    "timestamp": 1415830892
  }
}
